<?xml version="1.0" encoding="UTF-8"?>
<testng-results skipped="0" failed="0" ignored="0" total="1" passed="1">
  <reporter-output>
  </reporter-output>
  <suite name="Suite" duration-ms="89957" started-at="2018-05-16T10:33:06Z" finished-at="2018-05-16T10:34:36Z">
    <groups>
    </groups>
    <test name="Test" duration-ms="89957" started-at="2018-05-16T10:33:06Z" finished-at="2018-05-16T10:34:36Z">
      <class name="automation.Finance1.testng">
        <test-method status="PASS" signature="setUp(java.lang.String)[pri:0, instance:automation.Finance1.testng@6093dd95]" name="setUp" is-config="true" duration-ms="78896" started-at="2018-05-16T10:33:06Z" finished-at="2018-05-16T10:34:25Z">
          <params>
            <param index="0">
              <value>
                <![CDATA[CHROME]]>
              </value>
            </param>
          </params>
          <reporter-output>
          </reporter-output>
        </test-method> <!-- setUp -->
        <test-method status="PASS" signature="customerLogin()[pri:0, instance:automation.Finance1.testng@6093dd95]" name="customerLogin" duration-ms="10933" started-at="2018-05-16T10:34:25Z" finished-at="2018-05-16T10:34:35Z">
          <reporter-output>
          </reporter-output>
        </test-method> <!-- customerLogin -->
        <test-method status="PASS" signature="endProcess()[pri:0, instance:automation.Finance1.testng@6093dd95]" name="endProcess" is-config="true" duration-ms="1" started-at="2018-05-16T10:34:35Z" finished-at="2018-05-16T10:34:35Z">
          <reporter-output>
          </reporter-output>
        </test-method> <!-- endProcess -->
      </class> <!-- automation.Finance1.testng -->
    </test> <!-- Test -->
  </suite> <!-- Suite -->
</testng-results>
